{"numFailedTestSuites":0,"numFailedTests":0,"numPassedTestSuites":7,"numPassedTests":12,"numPendingTestSuites":0,"numPendingTests":0,"numRuntimeErrorTestSuites":0,"numTotalTestSuites":7,"numTotalTests":12,"snapshot":{"added":1,"didUpdate":false,"failure":false,"filesAdded":1,"filesRemoved":0,"filesUnmatched":0,"filesUpdated":0,"matched":5,"total":6,"unchecked":0,"uncheckedKeys":[],"unmatched":0,"updated":0},"startTime":1545841535533,"success":true,"testResults":[{"assertionResults":[{"ancestorTitles":["async actions"],"failureMessages":[],"fullName":"async actions create GET_BLOGS_FULFILLED when fetch blogs has been done","location":null,"status":"passed","title":"create GET_BLOGS_FULFILLED when fetch blogs has been done"},{"ancestorTitles":["async actions"],"failureMessages":[],"fullName":"async actions create the empty list when fetch blogs with error","location":null,"status":"passed","title":"create the empty list when fetch blogs with error"}],"endTime":1545841538348,"message":"","name":"/Users/AlanChao/Documents/React Project/atomic-design-demo/src/actions/__tests__/blog.spec.js","startTime":1545841537549,"status":"passed","summary":""},{"assertionResults":[{"ancestorTitles":[],"failureMessages":[],"fullName":"__interactive","location":null,"status":"passed","title":"__interactive"}],"endTime":1545841538807,"message":"","name":"/Users/AlanChao/Documents/React Project/atomic-design-demo/src/components/atoms/ToggleButton/__tests__/ToggleButton.stories.js","startTime":1545841538474,"status":"passed","summary":""},{"assertionResults":[{"ancestorTitles":[],"failureMessages":[],"fullName":"should have default value: Close","location":null,"status":"passed","title":"should have default value: Close"},{"ancestorTitles":[],"failureMessages":[],"fullName":"should become Open after click","location":null,"status":"passed","title":"should become Open after click"}],"endTime":1545841539009,"message":"","name":"/Users/AlanChao/Documents/React Project/atomic-design-demo/src/components/atoms/ToggleButton/__tests__/ToggleButton.spec.js","startTime":1545841538940,"status":"passed","summary":""},{"assertionResults":[{"ancestorTitles":[],"failureMessages":[],"fullName":"__interactive","location":null,"status":"passed","title":"__interactive"}],"endTime":1545841539230,"message":"","name":"/Users/AlanChao/Documents/React Project/atomic-design-demo/src/components/atoms/List/__tests__/List.stories.js","startTime":1545841539138,"status":"passed","summary":""},{"assertionResults":[{"ancestorTitles":["blogs reducer"],"failureMessages":[],"fullName":"blogs reducer should return the initial state","location":null,"status":"passed","title":"should return the initial state"},{"ancestorTitles":["blogs reducer"],"failureMessages":[],"fullName":"blogs reducer should handle GET_BLOGS_PENDING","location":null,"status":"passed","title":"should handle GET_BLOGS_PENDING"},{"ancestorTitles":["blogs reducer"],"failureMessages":[],"fullName":"blogs reducer should handle GET_BLOGS_FULFILLED","location":null,"status":"passed","title":"should handle GET_BLOGS_FULFILLED"},{"ancestorTitles":["blogs reducer"],"failureMessages":[],"fullName":"blogs reducer should handle CLEAN_BLOGS","location":null,"status":"passed","title":"should handle CLEAN_BLOGS"}],"endTime":1545841539438,"message":"","name":"/Users/AlanChao/Documents/React Project/atomic-design-demo/src/reducers/__tests__/blogs.spec.js","startTime":1545841539366,"status":"passed","summary":""},{"assertionResults":[{"ancestorTitles":[],"failureMessages":[],"fullName":"should have items property","location":null,"status":"passed","title":"should have items property"}],"endTime":1545841539594,"message":"","name":"/Users/AlanChao/Documents/React Project/atomic-design-demo/src/components/atoms/List/__tests__/List.spec.js","startTime":1545841539548,"status":"passed","summary":""},{"assertionResults":[{"ancestorTitles":[],"failureMessages":[],"fullName":"__interactive","location":null,"status":"passed","title":"__interactive"}],"endTime":1545841540477,"message":"","name":"/Users/AlanChao/Documents/React Project/atomic-design-demo/src/components/atoms/badge/__test__/Badge.stories.js","startTime":1545841539685,"status":"passed","summary":""}],"wasInterrupted":false}